<?xml version="1.0" encoding="UTF-8"?>
<testsuite xmlns:xsi="http://www.w3.org/2001/XMLSchema-instance" xsi:schemaLocation="https://maven.apache.org/surefire/maven-surefire-plugin/xsd/surefire-test-report.xsd" name="tjjenk2.model.EnvironmentTypeTest" time="1.64" tests="3" errors="0" skipped="0" failures="0">
  <properties>
[...]
</properties>
  <testcase name="testDetermineValueSuccess" classname="tjjenk2.model.EnvironmentTypeTest" time="1.586"/>
  <testcase name="testDetermineValueNullValue" classname="tjjenk2.model.EnvironmentTypeTest" time="0"/>
  <testcase name="testDetermineValueBogusValue" classname="tjjenk2.model.EnvironmentTypeTest" time="0"/>
</testsuite>