-------------------------------------------------------------------------------
Test set: tjjenk2.model.ValidationUtilSpec
-------------------------------------------------------------------------------
Tests run: 7, Failures: 2, Errors: 0, Skipped: 0, Time elapsed: 0.055 sec <<< FAILURE! - in tjjenk2.model.ValidationUtilSpec
Invoking validateRequiredField with bad arguments produces error: (null, null)(tjjenk2.model.ValidationUtilSpec)  Time elapsed: 0 sec  <<< FAILURE!
org.spockframework.runtime.WrongExceptionThrownError: Expected exception java.lang.IllegalArgumentException, but got java.lang.NullPointerException
	at tjjenk2.model.ValidationUtilSpec.Invoking validateRequiredField with bad arguments produces error: (#value1, #value2)(ValidationUtilSpec.groovy:27)
Caused by: java.lang.NullPointerException
	at tjjenk2.model.ValidationUtilSpec.Invoking validateRequiredField with bad arguments produces error: (#value1, #value2)(ValidationUtilSpec.groovy:25)

Invoking validateRequiredField with bad arguments produces error: (null, field)(tjjenk2.model.ValidationUtilSpec)  Time elapsed: 0.042 sec  <<< FAILURE!
org.spockframework.runtime.WrongExceptionThrownError: Expected exception java.lang.IllegalArgumentException, but got java.lang.NullPointerException
	at tjjenk2.model.ValidationUtilSpec.Invoking validateRequiredField with bad arguments produces error: (#value1, #value2)(ValidationUtilSpec.groovy:27)
Caused by: java.lang.NullPointerException
	at tjjenk2.model.ValidationUtilSpec.Invoking validateRequiredField with bad arguments produces error: (#value1, #value2)(ValidationUtilSpec.groovy:25)

